Watching for file changes with StatReloader
Falling back to TensorFlow client; we recommended you install the Cloud TPU client directly with pip install cloud-tpu-client.
Creating converter from 7 to 5
Creating converter from 5 to 7
Creating converter from 7 to 5
Creating converter from 5 to 7
matplotlib data path: C:\Users\sumit\AppData\Local\Programs\Python\Python311\Lib\site-packages\matplotlib\mpl-data
CONFIGDIR=C:\Users\sumit\.matplotlib
interactive is False
platform is win32
CACHEDIR=C:\Users\sumit\.matplotlib
Using fontManager instance from C:\Users\sumit\.matplotlib\fontlist-v390.json
Starting new HTTPS connection (1): api.cloudinary.com:443
https://api.cloudinary.com:443 "POST /v1_1/duzqgybdn/image/upload HTTP/1.1" 200 None
Watching for file changes with StatReloader
Falling back to TensorFlow client; we recommended you install the Cloud TPU client directly with pip install cloud-tpu-client.
Creating converter from 7 to 5
Creating converter from 5 to 7
Creating converter from 7 to 5
Creating converter from 5 to 7
matplotlib data path: C:\Users\sumit\AppData\Local\Programs\Python\Python311\Lib\site-packages\matplotlib\mpl-data
CONFIGDIR=C:\Users\sumit\.matplotlib
interactive is False
platform is win32
CACHEDIR=C:\Users\sumit\.matplotlib
Using fontManager instance from C:\Users\sumit\.matplotlib\fontlist-v390.json
Starting new HTTPS connection (1): api.cloudinary.com:443
https://api.cloudinary.com:443 "POST /v1_1/duzqgybdn/image/upload HTTP/1.1" 200 None
Watching for file changes with StatReloader
Falling back to TensorFlow client; we recommended you install the Cloud TPU client directly with pip install cloud-tpu-client.
Creating converter from 7 to 5
Creating converter from 5 to 7
Creating converter from 7 to 5
Creating converter from 5 to 7
matplotlib data path: C:\Users\sumit\AppData\Local\Programs\Python\Python311\Lib\site-packages\matplotlib\mpl-data
CONFIGDIR=C:\Users\sumit\.matplotlib
interactive is False
platform is win32
CACHEDIR=C:\Users\sumit\.matplotlib
Using fontManager instance from C:\Users\sumit\.matplotlib\fontlist-v390.json
Starting new HTTPS connection (1): api.cloudinary.com:443
https://api.cloudinary.com:443 "POST /v1_1/duzqgybdn/image/upload HTTP/1.1" 200 None
D:\roadside_fronted\mysite\roadPage\utils.py changed, reloading.
Watching for file changes with StatReloader
Falling back to TensorFlow client; we recommended you install the Cloud TPU client directly with pip install cloud-tpu-client.
Creating converter from 7 to 5
Creating converter from 5 to 7
Creating converter from 7 to 5
Creating converter from 5 to 7
matplotlib data path: C:\Users\sumit\AppData\Local\Programs\Python\Python311\Lib\site-packages\matplotlib\mpl-data
CONFIGDIR=C:\Users\sumit\.matplotlib
interactive is False
platform is win32
CACHEDIR=C:\Users\sumit\.matplotlib
Using fontManager instance from C:\Users\sumit\.matplotlib\fontlist-v390.json
D:\roadside_fronted\mysite\mysite\settings.py changed, reloading.
Watching for file changes with StatReloader
Falling back to TensorFlow client; we recommended you install the Cloud TPU client directly with pip install cloud-tpu-client.
Creating converter from 7 to 5
Creating converter from 5 to 7
Creating converter from 7 to 5
Creating converter from 5 to 7
matplotlib data path: C:\Users\sumit\AppData\Local\Programs\Python\Python311\Lib\site-packages\matplotlib\mpl-data
CONFIGDIR=C:\Users\sumit\.matplotlib
interactive is False
platform is win32
CACHEDIR=C:\Users\sumit\.matplotlib
Using fontManager instance from C:\Users\sumit\.matplotlib\fontlist-v390.json
D:\roadside_fronted\mysite\roadPage\utils.py changed, reloading.
Watching for file changes with StatReloader
Falling back to TensorFlow client; we recommended you install the Cloud TPU client directly with pip install cloud-tpu-client.
Creating converter from 7 to 5
Creating converter from 5 to 7
Creating converter from 7 to 5
Creating converter from 5 to 7
matplotlib data path: C:\Users\sumit\AppData\Local\Programs\Python\Python311\Lib\site-packages\matplotlib\mpl-data
CONFIGDIR=C:\Users\sumit\.matplotlib
interactive is False
platform is win32
CACHEDIR=C:\Users\sumit\.matplotlib
Using fontManager instance from C:\Users\sumit\.matplotlib\fontlist-v390.json
Starting new HTTPS connection (1): api.cloudinary.com:443
https://api.cloudinary.com:443 "POST /v1_1/duzqgybdn/image/upload HTTP/1.1" 200 None
https://api.cloudinary.com:443 "POST /v1_1/duzqgybdn/image/upload HTTP/1.1" 200 None
https://api.cloudinary.com:443 "POST /v1_1/duzqgybdn/image/upload HTTP/1.1" 200 None
Watching for file changes with StatReloader
Falling back to TensorFlow client; we recommended you install the Cloud TPU client directly with pip install cloud-tpu-client.
Creating converter from 7 to 5
Creating converter from 5 to 7
Creating converter from 7 to 5
Creating converter from 5 to 7
matplotlib data path: C:\Users\sumit\AppData\Local\Programs\Python\Python311\Lib\site-packages\matplotlib\mpl-data
CONFIGDIR=C:\Users\sumit\.matplotlib
interactive is False
platform is win32
CACHEDIR=C:\Users\sumit\.matplotlib
Using fontManager instance from C:\Users\sumit\.matplotlib\fontlist-v390.json
Starting new HTTPS connection (1): api.cloudinary.com:443
https://api.cloudinary.com:443 "POST /v1_1/duzqgybdn/image/upload HTTP/1.1" 200 None
Watching for file changes with StatReloader
Falling back to TensorFlow client; we recommended you install the Cloud TPU client directly with pip install cloud-tpu-client.
Creating converter from 7 to 5
Creating converter from 5 to 7
Creating converter from 7 to 5
Creating converter from 5 to 7
matplotlib data path: C:\Users\sumit\AppData\Local\Programs\Python\Python311\Lib\site-packages\matplotlib\mpl-data
CONFIGDIR=C:\Users\sumit\.matplotlib
interactive is False
platform is win32
CACHEDIR=C:\Users\sumit\.matplotlib
Using fontManager instance from C:\Users\sumit\.matplotlib\fontlist-v390.json
Starting new HTTPS connection (1): api.cloudinary.com:443
https://api.cloudinary.com:443 "POST /v1_1/duzqgybdn/image/upload HTTP/1.1" 200 None
https://api.cloudinary.com:443 "POST /v1_1/duzqgybdn/image/upload HTTP/1.1" 200 None
https://api.cloudinary.com:443 "POST /v1_1/duzqgybdn/image/upload HTTP/1.1" 200 None
https://api.cloudinary.com:443 "POST /v1_1/duzqgybdn/image/upload HTTP/1.1" 200 None
Resetting dropped connection: api.cloudinary.com
https://api.cloudinary.com:443 "POST /v1_1/duzqgybdn/image/upload HTTP/1.1" 200 None
https://api.cloudinary.com:443 "POST /v1_1/duzqgybdn/image/upload HTTP/1.1" 200 None
https://api.cloudinary.com:443 "POST /v1_1/duzqgybdn/image/upload HTTP/1.1" 200 None
Watching for file changes with StatReloader
Falling back to TensorFlow client; we recommended you install the Cloud TPU client directly with pip install cloud-tpu-client.
Creating converter from 7 to 5
Creating converter from 5 to 7
Creating converter from 7 to 5
Creating converter from 5 to 7
matplotlib data path: C:\Users\sumit\AppData\Local\Programs\Python\Python311\Lib\site-packages\matplotlib\mpl-data
CONFIGDIR=C:\Users\sumit\.matplotlib
interactive is False
platform is win32
CACHEDIR=C:\Users\sumit\.matplotlib
Using fontManager instance from C:\Users\sumit\.matplotlib\fontlist-v390.json
Starting new HTTPS connection (1): api.cloudinary.com:443
https://api.cloudinary.com:443 "POST /v1_1/duzqgybdn/image/upload HTTP/1.1" 200 None
https://api.cloudinary.com:443 "POST /v1_1/duzqgybdn/image/upload HTTP/1.1" 200 None
Resetting dropped connection: api.cloudinary.com
https://api.cloudinary.com:443 "POST /v1_1/duzqgybdn/image/upload HTTP/1.1" 200 None
Watching for file changes with StatReloader
Falling back to TensorFlow client; we recommended you install the Cloud TPU client directly with pip install cloud-tpu-client.
Creating converter from 7 to 5
Creating converter from 5 to 7
Creating converter from 7 to 5
Creating converter from 5 to 7
matplotlib data path: C:\Users\sumit\AppData\Local\Programs\Python\Python311\Lib\site-packages\matplotlib\mpl-data
CONFIGDIR=C:\Users\sumit\.matplotlib
interactive is False
platform is win32
CACHEDIR=C:\Users\sumit\.matplotlib
Using fontManager instance from C:\Users\sumit\.matplotlib\fontlist-v390.json
Watching for file changes with StatReloader
Falling back to TensorFlow client; we recommended you install the Cloud TPU client directly with pip install cloud-tpu-client.
Creating converter from 7 to 5
Creating converter from 5 to 7
Creating converter from 7 to 5
Creating converter from 5 to 7
matplotlib data path: C:\Users\sumit\AppData\Local\Programs\Python\Python311\Lib\site-packages\matplotlib\mpl-data
CONFIGDIR=C:\Users\sumit\.matplotlib
interactive is False
platform is win32
CACHEDIR=C:\Users\sumit\.matplotlib
Using fontManager instance from C:\Users\sumit\.matplotlib\fontlist-v390.json
Not Found: /favicon.ico
Starting new HTTPS connection (1): api.cloudinary.com:443
https://api.cloudinary.com:443 "POST /v1_1/duzqgybdn/image/upload HTTP/1.1" 200 None
STREAM b'IHDR' 16 13
STREAM b'sRGB' 41 1
STREAM b'gAMA' 54 4
STREAM b'pHYs' 70 9
STREAM b'IDAT' 91 65445
https://api.cloudinary.com:443 "POST /v1_1/duzqgybdn/image/upload HTTP/1.1" 200 None
STREAM b'IHDR' 16 13
STREAM b'sRGB' 41 1
STREAM b'gAMA' 54 4
STREAM b'pHYs' 70 9
STREAM b'IDAT' 91 65445
D:\roadside_fronted\mysite\manage.py changed, reloading.
Watching for file changes with StatReloader
Starting new HTTPS connection (1): api.cloudinary.com:443
https://api.cloudinary.com:443 "POST /v1_1/duzqgybdn/image/upload HTTP/1.1" 200 None
STREAM b'IHDR' 16 13
STREAM b'sRGB' 41 1
STREAM b'gAMA' 54 4
STREAM b'pHYs' 70 9
STREAM b'IDAT' 91 31633
